# JRE version: OpenJDK Runtime Environment (8.0_112-b06) (build 1.8.0_112-release-b06)
# Java VM: OpenJDK 64-Bit Server VM (25.112-b06 mixed mode windows-amd64 compressed oops)
Heap:
 PSYoungGen      total 458752K, used 229376K [0x00000000d6000000, 0x0000000100000000, 0x0000000100000000)
  eden space 229376K, 100% used [0x00000000d6000000,0x00000000e4000000,0x00000000e4000000)
  from space 229376K, 0% used [0x00000000e4000000,0x00000000e4000000,0x00000000f2000000)
  to   space 229376K, 0% used [0x00000000f2000000,0x00000000f2000000,0x0000000100000000)
 ParOldGen       total 1376256K, used 1376002K [0x0000000082000000, 0x00000000d6000000, 0x00000000d6000000)
  object space 1376256K, 99% used [0x0000000082000000,0x00000000d5fc0a70,0x00000000d6000000)
 Metaspace       used 49416K, capacity 50926K, committed 51288K, reserved 1095680K
  class space    used 5562K, capacity 5974K, committed 6016K, reserved 1048576K
GC Heap History (10 events):
Event: 6340.874 GC heap before
{Heap before GC invocations=206 (full 63):
 PSYoungGen      total 458752K, used 229376K [0x00000000d6000000, 0x0000000100000000, 0x0000000100000000)
  eden space 229376K, 100% used [0x00000000d6000000,0x00000000e4000000,0x00000000e4000000)
  from space 229376K, 0% used [0x00000000e4000000,0x00000000e4000000,0x00000000f2000000)
  to   space 229376K, 0% used [0x00000000f2000000,0x00000000f2000000,0x0000000100000000)
 ParOldGen       total 1376256K, used 1376000K [0x0000000082000000, 0x00000000d6000000, 0x00000000d6000000)
  object space 1376256K, 99% used [0x0000000082000000,0x00000000d5fc00c0,0x00000000d6000000)
 Metaspace       used 49416K, capacity 50926K, committed 51288K, reserved 1095680K
  class space    used 5562K, capacity 5974K, committed 6016K, reserved 1048576K
Event: 6341.707 GC heap after
Heap after GC invocations=206 (full 63):
 PSYoungGen      total 458752K, used 229374K [0x00000000d6000000, 0x0000000100000000, 0x0000000100000000)
  eden space 229376K, 99% used [0x00000000d6000000,0x00000000e3fffbf0,0x00000000e4000000)
  from space 229376K, 0% used [0x00000000e4000000,0x00000000e4000000,0x00000000f2000000)
  to   space 229376K, 0% used [0x00000000f2000000,0x00000000f2000000,0x0000000100000000)
 ParOldGen       total 1376256K, used 1375999K [0x0000000082000000, 0x00000000d6000000, 0x00000000d6000000)
  object space 1376256K, 99% used [0x0000000082000000,0x00000000d5fbff90,0x00000000d6000000)
 Metaspace       used 49416K, capacity 50926K, committed 51288K, reserved 1095680K
  class space    used 5562K, capacity 5974K, committed 6016K, reserved 1048576K
}
Event: 6341.707 GC heap before
{Heap before GC invocations=207 (full 64):
 PSYoungGen      total 458752K, used 229376K [0x00000000d6000000, 0x0000000100000000, 0x0000000100000000)
  eden space 229376K, 100% used [0x00000000d6000000,0x00000000e4000000,0x00000000e4000000)
  from space 229376K, 0% used [0x00000000e4000000,0x00000000e4000000,0x00000000f2000000)
  to   space 229376K, 0% used [0x00000000f2000000,0x00000000f2000000,0x0000000100000000)
 ParOldGen       total 1376256K, used 1375999K [0x0000000082000000, 0x00000000d6000000, 0x00000000d6000000)
  object space 1376256K, 99% used [0x0000000082000000,0x00000000d5fbff90,0x00000000d6000000)
 Metaspace       used 49416K, capacity 50926K, committed 51288K, reserved 1095680K
  class space    used 5562K, capacity 5974K, committed 6016K, reserved 1048576K
Event: 6342.516 GC heap after
Heap after GC invocations=207 (full 64):
 PSYoungGen      total 458752K, used 229375K [0x00000000d6000000, 0x0000000100000000, 0x0000000100000000)
  eden space 229376K, 99% used [0x00000000d6000000,0x00000000e3fffe80,0x00000000e4000000)
  from space 229376K, 0% used [0x00000000e4000000,0x00000000e4000000,0x00000000f2000000)
  to   space 229376K, 0% used [0x00000000f2000000,0x00000000f2000000,0x0000000100000000)
 ParOldGen       total 1376256K, used 1375999K [0x0000000082000000, 0x00000000d6000000, 0x00000000d6000000)
  object space 1376256K, 99% used [0x0000000082000000,0x00000000d5fbff90,0x00000000d6000000)
 Metaspace       used 49416K, capacity 50926K, committed 51288K, reserved 1095680K
  class space    used 5562K, capacity 5974K, committed 6016K, reserved 1048576K
}
Event: 6342.516 GC heap before
{Heap before GC invocations=208 (full 65):
 PSYoungGen      total 458752K, used 229376K [0x00000000d6000000, 0x0000000100000000, 0x0000000100000000)
  eden space 229376K, 100% used [0x00000000d6000000,0x00000000e4000000,0x00000000e4000000)
  from space 229376K, 0% used [0x00000000e4000000,0x00000000e4000000,0x00000000f2000000)
  to   space 229376K, 0% used [0x00000000f2000000,0x00000000f2000000,0x0000000100000000)
 ParOldGen       total 1376256K, used 1375999K [0x0000000082000000, 0x00000000d6000000, 0x00000000d6000000)
  object space 1376256K, 99% used [0x0000000082000000,0x00000000d5fbff90,0x00000000d6000000)
 Metaspace       used 49416K, capacity 50926K, committed 51288K, reserved 1095680K
  class space    used 5562K, capacity 5974K, committed 6016K, reserved 1048576K
Event: 6343.339 GC heap after
Heap after GC invocations=208 (full 65):
 PSYoungGen      total 458752K, used 229375K [0x00000000d6000000, 0x0000000100000000, 0x0000000100000000)
  eden space 229376K, 99% used [0x00000000d6000000,0x00000000e3fffe78,0x00000000e4000000)
  from space 229376K, 0% used [0x00000000e4000000,0x00000000e4000000,0x00000000f2000000)
  to   space 229376K, 0% used [0x00000000f2000000,0x00000000f2000000,0x0000000100000000)
 ParOldGen       total 1376256K, used 1375999K [0x0000000082000000, 0x00000000d6000000, 0x00000000d6000000)
  object space 1376256K, 99% used [0x0000000082000000,0x00000000d5fbff70,0x00000000d6000000)
 Metaspace       used 49416K, capacity 50926K, committed 51288K, reserved 1095680K
  class space    used 5562K, capacity 5974K, committed 6016K, reserved 1048576K
}
Event: 6343.339 GC heap before
{Heap before GC invocations=209 (full 66):
 PSYoungGen      total 458752K, used 229376K [0x00000000d6000000, 0x0000000100000000, 0x0000000100000000)
  eden space 229376K, 100% used [0x00000000d6000000,0x00000000e4000000,0x00000000e4000000)
  from space 229376K, 0% used [0x00000000e4000000,0x00000000e4000000,0x00000000f2000000)
  to   space 229376K, 0% used [0x00000000f2000000,0x00000000f2000000,0x0000000100000000)
 ParOldGen       total 1376256K, used 1375999K [0x0000000082000000, 0x00000000d6000000, 0x00000000d6000000)
  object space 1376256K, 99% used [0x0000000082000000,0x00000000d5fbff70,0x00000000d6000000)
 Metaspace       used 49416K, capacity 50926K, committed 51288K, reserved 1095680K
  class space    used 5562K, capacity 5974K, committed 6016K, reserved 1048576K
Event: 6344.126 GC heap after
Heap after GC invocations=209 (full 66):
 PSYoungGen      total 458752K, used 229375K [0x00000000d6000000, 0x0000000100000000, 0x0000000100000000)
  eden space 229376K, 99% used [0x00000000d6000000,0x00000000e3ffffc0,0x00000000e4000000)
  from space 229376K, 0% used [0x00000000e4000000,0x00000000e4000000,0x00000000f2000000)
  to   space 229376K, 0% used [0x00000000f2000000,0x00000000f2000000,0x0000000100000000)
 ParOldGen       total 1376256K, used 1375999K [0x0000000082000000, 0x00000000d6000000, 0x00000000d6000000)
  object space 1376256K, 99% used [0x0000000082000000,0x00000000d5fbff70,0x00000000d6000000)
 Metaspace       used 49416K, capacity 50926K, committed 51288K, reserved 1095680K
  class space    used 5562K, capacity 5974K, committed 6016K, reserved 1048576K
}
Event: 6344.127 GC heap before
{Heap before GC invocations=210 (full 67):
 PSYoungGen      total 458752K, used 229376K [0x00000000d6000000, 0x0000000100000000, 0x0000000100000000)
  eden space 229376K, 100% used [0x00000000d6000000,0x00000000e4000000,0x00000000e4000000)
  from space 229376K, 0% used [0x00000000e4000000,0x00000000e4000000,0x00000000f2000000)
  to   space 229376K, 0% used [0x00000000f2000000,0x00000000f2000000,0x0000000100000000)
 ParOldGen       total 1376256K, used 1375999K [0x0000000082000000, 0x00000000d6000000, 0x00000000d6000000)
  object space 1376256K, 99% used [0x0000000082000000,0x00000000d5fbff70,0x00000000d6000000)
 Metaspace       used 49416K, capacity 50926K, committed 51288K, reserved 1095680K
  class space    used 5562K, capacity 5974K, committed 6016K, reserved 1048576K
Event: 6344.917 GC heap after
Heap after GC invocations=210 (full 67):
 PSYoungGen      total 458752K, used 229376K [0x00000000d6000000, 0x0000000100000000, 0x0000000100000000)
  eden space 229376K, 100% used [0x00000000d6000000,0x00000000e4000000,0x00000000e4000000)
  from space 229376K, 0% used [0x00000000e4000000,0x00000000e4000000,0x00000000f2000000)
  to   space 229376K, 0% used [0x00000000f2000000,0x00000000f2000000,0x0000000100000000)
 ParOldGen       total 1376256K, used 1375999K [0x0000000082000000, 0x00000000d6000000, 0x00000000d6000000)
  object space 1376256K, 99% used [0x0000000082000000,0x00000000d5fbff70,0x00000000d6000000)
 Metaspace       used 49416K, capacity 50926K, committed 51288K, reserved 1095680K
  class space    used 5562K, capacity 5974K, committed 6016K, reserved 1048576K
}

